build/app/outputs/mapping/release/seeds.txt
com.fisis.fortune.app.fortunetell.MainActivity
com.fisis.fortune.app.fortunetell.MainActivity: MainActivity()
...
androidx.window.layout.WindowMetrics: android.graphics.Rect getBounds()
io.flutter.view.AccessibilityBridge$Action: io.flutter.view.AccessibilityBridge$Action valueOf(java.lang.String)
androidx.window.layout.SidecarAdapter: SidecarAdapter()
com.google.firebase.firestore.proto.Target$TargetTypeCase: com.google.firebase.firestore.proto.Target$TargetTypeCase[] values()
com.dexterous.flutterlocalnotifications.FlutterLocalNotificationsPlugin: java.lang.Boolean sendNotificationPayloadMessage(android.content.Intent)
io.flutter.embedding.engine.FlutterJNI: void dispatchEmptyPlatformMessage(java.lang.String,int)
me.carda.awesome_notifications.core.enumerators.NotificationSource: me.carda.awesome_notifications.core.enumerators.NotificationSource[] values()
androidx.core.view.ViewCompat$Api16Impl: void postOnAnimation(android.view.View,java.lang.Runnable)
com.dexterous.flutterlocalnotifications.FlutterLocalNotificationsPlugin: java.lang.String getNextFireDate(com.dexterous.flutterlocalnotifications.models.NotificationDetails)
io.flutter.embedding.engine.systemchannels.TextInputChannel$TextCapitalization: io.flutter.embedding.engine.systemchannels.TextInputChannel$TextCapitalization valueOf(java.lang.String)
androidx.window.layout.SidecarAdapter: boolean isEqualSidecarWindowLayoutInfo(androidx.window.sidecar.SidecarWindowLayoutInfo,androidx.window.sidecar.SidecarWindowLayoutInfo)
androidx.window.layout.SidecarWindowBackend$Companion: void resetInstance()
androidx.window.embedding.SplitRuleParser: androidx.window.embedding.ActivityFilter parseActivityFilter(android.content.Context,android.content.res.XmlResourceParser)
androidx.appcompat.widget.AppCompatEditText: void setBackgroundResource(int)
androidx.vectordrawable.graphics.drawable.VectorDrawableCompat$VFullPath: int getStrokeColor()
androidx.window.layout.SidecarCompat$Companion: androidx.window.core.Version getSidecarVersion()
androidx.appcompat.widget.ActionBarOverlayLayout: void setActionBarHideOffset(int)
io.flutter.embedding.engine.mutatorsstack.FlutterMutatorsStack: void pushTransform(float[])
androidx.core.content.res.ResourcesCompat$Api21Impl: android.graphics.drawable.Drawable getDrawableForDensity(android.content.res.Resources,int,int,android.content.res.Resources$Theme)
com.google.firestore.bundle.BundledQuery$LimitType: com.google.firestore.bundle.BundledQuery$LimitType valueOf(java.lang.String)
androidx.appcompat.widget.AppCompatToggleButton: void setBackgroundResource(int)
androidx.media.AudioAttributesImplApi26Parcelizer: void write(androidx.media.AudioAttributesImplApi26,androidx.versionedparcelable.VersionedParcel)
androidx.core.view.ViewCompat$Api16Impl: void postInvalidateOnAnimation(android.view.View,int,int,int,int)
androidx.core.widget.ListViewCompat$Api19Impl: void scrollListBy(android.widget.ListView,int)
io.flutter.embedding.engine.renderer.SurfaceTextureWrapper: android.graphics.SurfaceTexture surfaceTexture()
android.support.v4.graphics.drawable.IconCompatParcelizer: IconCompatParcelizer()
androidx.core.widget.TextViewCompat$Api16Impl: int getMaxLines(android.widget.TextView)
kotlin.jvm.internal.CallableReference: java.lang.String getSignature()
androidx.window.core.Version: java.math.BigInteger getBigInteger()
androidx.window.embedding.EmbeddingCompat: EmbeddingCompat()
kotlin.jvm.internal.CallableReference: kotlin.reflect.KType getReturnType()
kotlin.jvm.internal.FunctionReference: kotlin.reflect.KCallable getReflected()
androidx.window.embedding.ActivityRule: java.util.Set getFilters()
io.flutter.embedding.engine.FlutterJNI: void invokePlatformMessageResponseCallback(int,java.nio.ByteBuffer,int)
io.flutter.embedding.engine.FlutterJNI: void updateCustomAccessibilityActions(java.nio.ByteBuffer,java.lang.String[])
androidx.appcompat.widget.SearchView: int getImeOptions()