build/app/outputs/mapping/release/mapping.txt
# compiler: R8
# compiler_version: 3.1.66
# min_api: 21
# pg_map_id: 6a36e8f
# common_typos_disable
# {"id":"com.android.tools.r8.mapping","version":"1.0"}
...
io.flutter.plugins.googlesignin.GoogleSignInPlugin$Delegate$1 -> s6.c$a$a:
    io.flutter.plugins.googlesignin.GoogleSignInPlugin$Delegate this$0 -> a
    void onComplete(com.google.android.gms.tasks.Task) -> a
io.flutter.plugins.googlesignin.GoogleSignInPlugin$Delegate$2 -> s6.c$a$b:
    io.flutter.plugins.googlesignin.GoogleSignInPlugin$Delegate this$0 -> a
    void onComplete(com.google.android.gms.tasks.Task) -> a
io.flutter.plugins.googlesignin.GoogleSignInPlugin$Delegate$3 -> s6.c$a$c:
    io.flutter.plugins.googlesignin.GoogleSignInPlugin$Delegate this$0 -> a
    void onComplete(com.google.android.gms.tasks.Task) -> a
io.flutter.plugins.googlesignin.GoogleSignInPlugin$Delegate$4 -> s6.c$a$d:
    io.flutter.plugins.googlesignin.GoogleSignInPlugin$Delegate this$0 -> b
    java.lang.String val$token -> a
    java.lang.Void call() -> a
io.flutter.plugins.googlesignin.GoogleSignInPlugin$Delegate$5 -> s6.c$a$e:
    io.flutter.plugin.common.MethodChannel$Result val$result -> a
    io.flutter.plugins.googlesignin.GoogleSignInPlugin$Delegate this$0 -> b
    void run(java.util.concurrent.Future) -> a
io.flutter.plugins.googlesignin.GoogleSignInPlugin$Delegate$6 -> s6.c$a$f:
    io.flutter.plugins.googlesignin.GoogleSignInPlugin$Delegate this$0 -> b
    java.lang.String val$email -> a
    java.lang.String call() -> a
io.flutter.plugins.googlesignin.GoogleSignInPlugin$Delegate$7 -> s6.c$a$g:
    io.flutter.plugin.common.MethodChannel$Result val$result -> a
    io.flutter.plugins.googlesignin.GoogleSignInPlugin$Delegate this$0 -> d
    java.lang.String val$email -> c
    boolean val$shouldRecoverAuth -> b
    void run(java.util.concurrent.Future) -> a
io.flutter.plugins.googlesignin.GoogleSignInPlugin$Delegate$PendingOperation -> s6.c$a$h:
    java.lang.Object data -> c
    java.lang.String method -> a
    io.flutter.plugin.common.MethodChannel$Result result -> b
io.flutter.plugins.googlesignin.GoogleSignInWrapper -> s6.d:
    com.google.android.gms.auth.api.signin.GoogleSignInClient getClient(android.content.Context,com.google.android.gms.auth.api.signin.GoogleSignInOptions) -> a
    com.google.android.gms.auth.api.signin.GoogleSignInAccount getLastSignedInAccount(android.content.Context) -> b
    boolean hasPermissions(com.google.android.gms.auth.api.signin.GoogleSignInAccount,com.google.android.gms.common.api.Scope) -> c
    void requestPermissions(android.app.Activity,int,com.google.android.gms.auth.api.signin.GoogleSignInAccount,com.google.android.gms.common.api.Scope[]) -> d
io.flutter.plugins.imagepicker.CameraDevice -> io.flutter.plugins.imagepicker.a:
    io.flutter.plugins.imagepicker.CameraDevice REAR -> o
    io.flutter.plugins.imagepicker.CameraDevice FRONT -> p
    io.flutter.plugins.imagepicker.CameraDevice[] $VALUES -> q
io.flutter.plugins.imagepicker.ExifDataCopier -> io.flutter.plugins.imagepicker.b:
    void copyExif(java.lang.String,java.lang.String) -> a
    void setIfNotNull(androidx.exifinterface.media.ExifInterface,androidx.exifinterface.media.ExifInterface,java.lang.String) -> b
io.flutter.plugins.imagepicker.FileUtils -> io.flutter.plugins.imagepicker.c:
    void copy(java.io.InputStream,java.io.OutputStream) -> a
    java.lang.String getImageExtension(android.content.Context,android.net.Uri) -> b
    java.lang.String getImageName(android.content.Context,android.net.Uri) -> c
    java.lang.String getPathFromUri(android.content.Context,android.net.Uri) -> d
    android.database.Cursor queryImageName(android.content.Context,android.net.Uri) -> e