build/app/outputs/mapping/release/usage.txt
com.fisis.fortune.app.fortunetell.BuildConfig
com.fisis.fortune.app.fortunetell.R$anim
com.fisis.fortune.app.fortunetell.R$animator
com.fisis.fortune.app.fortunetell.R$attr
com.fisis.fortune.app.fortunetell.R$bool
com.fisis.fortune.app.fortunetell.R$color
com.fisis.fortune.app.fortunetell.R$dimen
com.fisis.fortune.app.fortunetell.R$drawable
com.fisis.fortune.app.fortunetell.R$id
com.fisis.fortune.app.fortunetell.R$integer
com.fisis.fortune.app.fortunetell.R$interpolator
com.fisis.fortune.app.fortunetell.R$layout
com.fisis.fortune.app.fortunetell.R$mipmap
com.fisis.fortune.app.fortunetell.R$raw
com.fisis.fortune.app.fortunetell.R$string
com.fisis.fortune.app.fortunetell.R$style
com.fisis.fortune.app.fortunetell.R$styleable
com.fisis.fortune.app.fortunetell.R$xml
com.fisis.fortune.app.fortunetell.R
...
androidx.activity.result.contract.ActivityResultContracts$GetContent
androidx.activity.result.contract.ActivityResultContracts$GetMultipleContents$Companion
androidx.activity.result.contract.ActivityResultContracts$GetMultipleContents
androidx.activity.result.contract.ActivityResultContracts$OpenDocument
androidx.activity.result.contract.ActivityResultContracts$OpenDocumentTree
androidx.activity.result.contract.ActivityResultContracts$OpenMultipleDocuments
androidx.activity.result.contract.ActivityResultContracts$PickContact
androidx.activity.result.contract.ActivityResultContracts$RequestMultiplePermissions:
    public static final java.lang.String ACTION_REQUEST_PERMISSIONS
    public static final java.lang.String EXTRA_PERMISSIONS
    public static final java.lang.String EXTRA_PERMISSION_GRANT_RESULTS
androidx.activity.result.contract.ActivityResultContracts$RequestPermission
androidx.activity.result.contract.ActivityResultContracts$StartActivityForResult:
    public static final java.lang.String EXTRA_ACTIVITY_OPTIONS_BUNDLE
androidx.activity.result.contract.ActivityResultContracts$StartIntentSenderForResult$Companion
androidx.activity.result.contract.ActivityResultContracts$StartIntentSenderForResult
androidx.activity.result.contract.ActivityResultContracts$TakePicture
androidx.activity.result.contract.ActivityResultContracts$TakePicturePreview
androidx.activity.result.contract.ActivityResultContracts$TakeVideo
androidx.activity.result.contract.ActivityResultContracts
androidx.annotation.AnimRes
androidx.annotation.AnimatorRes
androidx.annotation.AnyRes
androidx.annotation.AnyThread
androidx.annotation.ArrayRes
androidx.annotation.AttrRes
androidx.annotation.BinderThread
androidx.annotation.BoolRes
androidx.annotation.CallSuper
androidx.annotation.CheckResult
androidx.annotation.ChecksSdkIntAtLeast
androidx.annotation.ColorInt
androidx.annotation.ColorLong
androidx.annotation.ColorRes
androidx.annotation.ContentView
androidx.annotation.DeprecatedSinceApi
androidx.annotation.DimenRes
androidx.annotation.Dimension$Companion
androidx.annotation.Dimension
androidx.annotation.Discouraged
androidx.annotation.DisplayContext
androidx.annotation.DoNotInline
androidx.annotation.DrawableRes
androidx.annotation.EmptySuper
androidx.annotation.FloatRange
androidx.annotation.FontRes
androidx.annotation.FractionRes
androidx.annotation.GravityInt
androidx.annotation.GuardedBy
androidx.annotation.HalfFloat
androidx.annotation.IdRes
androidx.annotation.InspectableProperty$EnumEntry
androidx.annotation.InspectableProperty$FlagEntry
androidx.annotation.InspectableProperty$ValueType
androidx.annotation.InspectableProperty
androidx.annotation.IntDef
androidx.annotation.IntRange
androidx.annotation.IntegerRes
androidx.annotation.InterpolatorRes
androidx.annotation.LayoutRes
androidx.annotation.LongDef
androidx.annotation.MainThread
androidx.annotation.MenuRes
androidx.annotation.NavigationRes
androidx.annotation.NonNull
androidx.annotation.NonUiContext
androidx.annotation.Nullable
androidx.annotation.OpenForTesting
androidx.annotation.OptIn
androidx.annotation.PluralsRes
androidx.annotation.Px
androidx.annotation.RawRes
androidx.annotation.RequiresApi
androidx.annotation.RequiresFeature
androidx.annotation.RequiresOptIn$Level
androidx.annotation.RequiresOptIn
androidx.annotation.RequiresPermission$Read
androidx.annotation.RequiresPermission$Write
androidx.annotation.RequiresPermission
androidx.annotation.RestrictTo$Scope
androidx.annotation.RestrictTo
androidx.annotation.ReturnThis
androidx.annotation.Size
androidx.annotation.StringDef
androidx.annotation.StringRes
androidx.annotation.StyleRes
androidx.annotation.StyleableRes
androidx.annotation.TransitionRes
androidx.annotation.UiContext
androidx.annotation.UiThread
androidx.annotation.VisibleForTesting$Companion
androidx.annotation.VisibleForTesting
androidx.annotation.WorkerThread